#
# A fatal error has been detected by the Java Runtime Environment:
#
#  Internal Error (machnode.cpp:188), pid=18160, tid=31508
#  Error: ShouldNotCall()
#
# JRE version: OpenJDK Runtime Environment Temurin-21.0.8+9 (21.0.8+9) (build 21.0.8+9-LTS)
# Java VM: OpenJDK 64-Bit Server VM Temurin-21.0.8+9 (21.0.8+9-LTS, mixed mode, sharing, tiered, compressed oops, compressed class ptrs, parallel gc, windows-amd64)
# No core dump will be written. Minidumps are not enabled by default on client versions of Windows
#
# If you would like to submit a bug report, please visit:
#   https://github.com/adoptium/adoptium-support/issues
#

---------------  S U M M A R Y ------------

Command Line: --add-modules=ALL-SYSTEM --add-opens=java.base/java.util=ALL-UNNAMED --add-opens=java.base/java.lang=ALL-UNNAMED --add-opens=java.base/sun.nio.fs=ALL-UNNAMED -Declipse.application=org.eclipse.jdt.ls.core.id1 -Dosgi.bundles.defaultStartLevel=4 -Declipse.product=org.eclipse.jdt.ls.core.product -Djava.import.generatesMetadataFilesAtProjectRoot=false -DDetectVMInstallationsJob.disabled=true -Dfile.encoding=utf8 -XX:+UseParallelGC -XX:GCTimeRatio=4 -XX:AdaptiveSizePolicyWeight=90 -Dsun.zip.disableMemoryMapping=true -Xmx2G -Xms100m -Xlog:disable -javaagent:c:\Users\isaac\.vscode\extensions\redhat.java-1.46.0-win32-x64\lombok\lombok-1.18.39-4050.jar c:\Users\isaac\.vscode\extensions\redhat.java-1.46.0-win32-x64\server\plugins\org.eclipse.equinox.launcher_1.7.0.v20250519-0528.jar -configuration c:\Users\isaac\AppData\Roaming\Code\User\globalStorage\redhat.java\1.46.0\config_ss_win -data c:\Users\isaac\AppData\Roaming\Code\User\workspaceStorage\edab66a839043852d143d6cc73a51121\redhat.java\ss_ws --pipe=\\.\pipe\lsp-9ca101f739fca11ed3d20290b1b2f391-sock

Host: AMD Ryzen 7 5700X 8-Core Processor             , 16 cores, 31G,  Windows 11 , 64 bit Build 26100 (10.0.26100.5074)
Time: Fri Oct  3 20:14:29 2025 Hora estándar central (México) elapsed time: 8.664996 seconds (0d 0h 0m 8s)

---------------  T H R E A D  ---------------

Current thread (0x0000026c5b2d5aa0):  JavaThread "C2 CompilerThread3" daemon [_thread_in_native, id=31508, stack(0x0000009315b00000,0x0000009315c00000) (1024K)]


Current CompileTask:
C2:8665 5921       4       org.eclipse.jdt.internal.compiler.lookup.BinaryTypeBinding::createMethod (1666 bytes)

Stack: [0x0000009315b00000,0x0000009315c00000]
Native frames: (J=compiled Java code, j=interpreted, Vv=VM code, C=native code)
V  [jvm.dll+0x6d2449]
V  [jvm.dll+0x8ae341]
V  [jvm.dll+0x8b08be]
V  [jvm.dll+0x8b0f57]
V  [jvm.dll+0x280c17]
V  [jvm.dll+0x280c3c]
V  [jvm.dll+0x280b70]
V  [jvm.dll+0x613cd5]
V  [jvm.dll+0x5fb972]
V  [jvm.dll+0x5f9d3e]
V  [jvm.dll+0x252092]
V  [jvm.dll+0x24a56e]
V  [jvm.dll+0x2483a4]
V  [jvm.dll+0x1c89ee]
V  [jvm.dll+0x257d4d]
V  [jvm.dll+0x2562ea]
V  [jvm.dll+0x3f2d16]
V  [jvm.dll+0x857e6b]
V  [jvm.dll+0x6d0b0d]
C  [ucrtbase.dll+0x37b0]
C  [KERNEL32.DLL+0x2e8d7]
C  [ntdll.dll+0x8d9c]


---------------  P R O C E S S  ---------------

Threads class SMR info:
_java_thread_list=0x0000026c638ab600, length=54, elements={
0x0000026c7fb3ce30, 0x0000026c18a7e0f0, 0x0000026c5b05b790, 0x0000026c5b05e8f0,
0x0000026c5b05f540, 0x0000026c5b067920, 0x0000026c5b06ad80, 0x0000026c5b070740,
0x0000026c5b0714b0, 0x0000026c5b182260, 0x0000026c5b186cb0, 0x0000026c5b187350,
0x0000026c5c7167c0, 0x0000026c611f26c0, 0x0000026c61438170, 0x0000026c61439400,
0x0000026c5cd7fef0, 0x0000026c615eefd0, 0x0000026c6168a330, 0x0000026c617f7880,
0x0000026c617e67b0, 0x0000026c61ee48b0, 0x0000026c61ee4220, 0x0000026c61ee5c60,
0x0000026c61ee4f40, 0x0000026c61ee6980, 0x0000026c61ee3500, 0x0000026c61ee3b90,
0x0000026c61ee62f0, 0x0000026c61ee55d0, 0x0000026c6332d460, 0x0000026c6332eea0,
0x0000026c63330250, 0x0000026c6332daf0, 0x0000026c633308e0, 0x0000026c6332e810,
0x0000026c6332f530, 0x0000026c63330f70, 0x0000026c63331600, 0x0000026c6332e180,
0x0000026c63331c90, 0x0000026c63332320, 0x0000026c633329b0, 0x0000026c63333040,
0x0000026c6332fbc0, 0x0000026c633336d0, 0x0000026c63333d60, 0x0000026c61fc6110,
0x0000026c62f4fdc0, 0x0000026c633343f0, 0x0000026c5b2d5aa0, 0x0000026c5c8a28d0,
0x0000026c63fc4040, 0x0000026c63334a80
}

Java Threads: ( => current thread )
  0x0000026c7fb3ce30 JavaThread "main"                              [_thread_blocked, id=8528, stack(0x0000009311900000,0x0000009311a00000) (1024K)]
  0x0000026c18a7e0f0 JavaThread "Reference Handler"          daemon [_thread_blocked, id=14376, stack(0x0000009311d00000,0x0000009311e00000) (1024K)]
  0x0000026c5b05b790 JavaThread "Finalizer"                  daemon [_thread_blocked, id=5088, stack(0x0000009311e00000,0x0000009311f00000) (1024K)]
  0x0000026c5b05e8f0 JavaThread "Signal Dispatcher"          daemon [_thread_blocked, id=6652, stack(0x0000009311f00000,0x0000009312000000) (1024K)]
  0x0000026c5b05f540 JavaThread "Attach Listener"            daemon [_thread_blocked, id=7628, stack(0x0000009312000000,0x0000009312100000) (1024K)]
  0x0000026c5b067920 JavaThread "Service Thread"             daemon [_thread_blocked, id=8964, stack(0x0000009312100000,0x0000009312200000) (1024K)]
  0x0000026c5b06ad80 JavaThread "Monitor Deflation Thread"   daemon [_thread_blocked, id=6916, stack(0x0000009312200000,0x0000009312300000) (1024K)]
  0x0000026c5b070740 JavaThread "C2 CompilerThread0"         daemon [_thread_blocked, id=19880, stack(0x0000009312300000,0x0000009312400000) (1024K)]
  0x0000026c5b0714b0 JavaThread "C1 CompilerThread0"         daemon [_thread_blocked, id=24796, stack(0x0000009312400000,0x0000009312500000) (1024K)]
  0x0000026c5b182260 JavaThread "Common-Cleaner"             daemon [_thread_blocked, id=4320, stack(0x0000009312500000,0x0000009312600000) (1024K)]
  0x0000026c5b186cb0 JavaThread "C1 CompilerThread1"         daemon [_thread_blocked, id=9844, stack(0x0000009312600000,0x0000009312700000) (1024K)]
  0x0000026c5b187350 JavaThread "C1 CompilerThread2"         daemon [_thread_blocked, id=8248, stack(0x0000009312700000,0x0000009312800000) (1024K)]
  0x0000026c5c7167c0 JavaThread "Notification Thread"        daemon [_thread_blocked, id=15352, stack(0x0000009312a00000,0x0000009312b00000) (1024K)]
  0x0000026c611f26c0 JavaThread "Active Thread: Equinox Container: fc23395b-bc90-4ba2-b67a-16c9b8d0556d"        [_thread_blocked, id=19204, stack(0x0000009313300000,0x0000009313400000) (1024K)]
  0x0000026c61438170 JavaThread "Framework Event Dispatcher: Equinox Container: fc23395b-bc90-4ba2-b67a-16c9b8d0556d" daemon [_thread_blocked, id=17960, stack(0x0000009313500000,0x0000009313600000) (1024K)]
  0x0000026c61439400 JavaThread "Start Level: Equinox Container: fc23395b-bc90-4ba2-b67a-16c9b8d0556d" daemon [_thread_blocked, id=7864, stack(0x0000009313600000,0x0000009313700000) (1024K)]
  0x0000026c5cd7fef0 JavaThread "SCR Component Actor"        daemon [_thread_blocked, id=1328, stack(0x0000009313700000,0x0000009313800000) (1024K)]
  0x0000026c615eefd0 JavaThread "Worker-JM"                         [_thread_blocked, id=11912, stack(0x0000009313800000,0x0000009313900000) (1024K)]
  0x0000026c6168a330 JavaThread "JNA Cleaner"                daemon [_thread_blocked, id=4524, stack(0x0000009313b00000,0x0000009313c00000) (1024K)]
  0x0000026c617f7880 JavaThread "Worker-0: Shutdown..."             [_thread_in_Java, id=11468, stack(0x0000009313c00000,0x0000009313d00000) (1024K)]
  0x0000026c617e67b0 JavaThread "Worker-1"                          [_thread_blocked, id=7720, stack(0x0000009313d00000,0x0000009313e00000) (1024K)]
  0x0000026c61ee48b0 JavaThread "Thread-1"                   daemon [_thread_in_native, id=24220, stack(0x0000009314400000,0x0000009314500000) (1024K)]
  0x0000026c61ee4220 JavaThread "Thread-2"                   daemon [_thread_in_native, id=21708, stack(0x0000009314500000,0x0000009314600000) (1024K)]
  0x0000026c61ee5c60 JavaThread "Thread-3"                   daemon [_thread_in_native, id=13956, stack(0x0000009314600000,0x0000009314700000) (1024K)]
  0x0000026c61ee4f40 JavaThread "Thread-4"                   daemon [_thread_in_native, id=28488, stack(0x0000009314700000,0x0000009314800000) (1024K)]
  0x0000026c61ee6980 JavaThread "Thread-5"                   daemon [_thread_in_native, id=22548, stack(0x0000009314800000,0x0000009314900000) (1024K)]
  0x0000026c61ee3500 JavaThread "Thread-6"                   daemon [_thread_in_native, id=24524, stack(0x0000009314900000,0x0000009314a00000) (1024K)]
  0x0000026c61ee3b90 JavaThread "Thread-7"                   daemon [_thread_in_native, id=18052, stack(0x0000009314a00000,0x0000009314b00000) (1024K)]
  0x0000026c61ee62f0 JavaThread "Thread-8"                   daemon [_thread_in_native, id=17052, stack(0x0000009314b00000,0x0000009314c00000) (1024K)]
  0x0000026c61ee55d0 JavaThread "Thread-9"                   daemon [_thread_in_native, id=23332, stack(0x0000009314c00000,0x0000009314d00000) (1024K)]
  0x0000026c6332d460 JavaThread "Thread-10"                  daemon [_thread_in_native, id=1332, stack(0x0000009314d00000,0x0000009314e00000) (1024K)]
  0x0000026c6332eea0 JavaThread "Thread-11"                  daemon [_thread_in_native, id=19384, stack(0x0000009314e00000,0x0000009314f00000) (1024K)]
  0x0000026c63330250 JavaThread "Thread-12"                  daemon [_thread_in_native, id=8344, stack(0x0000009314f00000,0x0000009315000000) (1024K)]
  0x0000026c6332daf0 JavaThread "Thread-13"                  daemon [_thread_in_native, id=25968, stack(0x0000009315000000,0x0000009315100000) (1024K)]
  0x0000026c633308e0 JavaThread "Thread-14"                  daemon [_thread_in_native, id=15644, stack(0x0000009315100000,0x0000009315200000) (1024K)]
  0x0000026c6332e810 JavaThread "Thread-15"                  daemon [_thread_in_native, id=24552, stack(0x0000009315200000,0x0000009315300000) (1024K)]
  0x0000026c6332f530 JavaThread "Thread-16"                  daemon [_thread_in_native, id=3084, stack(0x0000009315300000,0x0000009315400000) (1024K)]
  0x0000026c63330f70 JavaThread "Thread-17"                  daemon [_thread_in_native, id=24500, stack(0x0000009315400000,0x0000009315500000) (1024K)]
  0x0000026c63331600 JavaThread "pool-2-thread-1"                   [_thread_blocked, id=6292, stack(0x0000009315500000,0x0000009315600000) (1024K)]
  0x0000026c6332e180 JavaThread "Worker-2"                          [_thread_blocked, id=8600, stack(0x0000009315600000,0x0000009315700000) (1024K)]
  0x0000026c63331c90 JavaThread "WorkspaceEventsHandler"            [_thread_blocked, id=9480, stack(0x0000009315700000,0x0000009315800000) (1024K)]
  0x0000026c63332320 JavaThread "pool-1-thread-1"                   [_thread_in_Java, id=14628, stack(0x0000009315800000,0x0000009315900000) (1024K)]
  0x0000026c633329b0 JavaThread "ForkJoinPool.commonPool-worker-1" daemon [_thread_blocked, id=30724, stack(0x0000009312800000,0x0000009312900000) (1024K)]
  0x0000026c63333040 JavaThread "ForkJoinPool.commonPool-worker-2" daemon [_thread_blocked, id=30728, stack(0x0000009312900000,0x0000009312a00000) (1024K)]
  0x0000026c6332fbc0 JavaThread "ForkJoinPool.commonPool-worker-3" daemon [_thread_blocked, id=30740, stack(0x0000009315900000,0x0000009315a00000) (1024K)]
  0x0000026c633336d0 JavaThread "ForkJoinPool.commonPool-worker-4" daemon [_thread_blocked, id=22544, stack(0x0000009315e00000,0x0000009315f00000) (1024K)]
  0x0000026c63333d60 JavaThread "ForkJoinPool.commonPool-worker-5" daemon [_thread_blocked, id=22240, stack(0x0000009315f00000,0x0000009316000000) (1024K)]
  0x0000026c61fc6110 JavaThread "C2 CompilerThread1"         daemon [_thread_in_native, id=30764, stack(0x0000009312b00000,0x0000009312c00000) (1024K)]
  0x0000026c62f4fdc0 JavaThread "C2 CompilerThread2"         daemon [_thread_blocked, id=31340, stack(0x0000009313200000,0x0000009313300000) (1024K)]
  0x0000026c633343f0 JavaThread "Worker-3"                          [_thread_blocked, id=31400, stack(0x0000009315a00000,0x0000009315b00000) (1024K)]
=>0x0000026c5b2d5aa0 JavaThread "C2 CompilerThread3"         daemon [_thread_in_native, id=31508, stack(0x0000009315b00000,0x0000009315c00000) (1024K)]
  0x0000026c5c8a28d0 JavaThread "C1 CompilerThread3"         daemon [_thread_blocked, id=31396, stack(0x0000009316000000,0x0000009316100000) (1024K)]
  0x0000026c63fc4040 JavaThread "C2 CompilerThread4"         daemon [_thread_in_native, id=31464, stack(0x0000009315c00000,0x0000009315d00000) (1024K)]
  0x0000026c63334a80 JavaThread "pool-3-thread-1"                   [_thread_blocked, id=31424, stack(0x0000009315d00000,0x0000009315e00000) (1024K)]
Total: 54

Other Threads:
  0x0000026c7fb12720 VMThread "VM Thread"                           [id=1744, stack(0x0000009311c00000,0x0000009311d00000) (1024K)]
  0x0000026c1895ca00 WatcherThread "VM Periodic Task Thread"        [id=23160, stack(0x0000009311b00000,0x0000009311c00000) (1024K)]
  0x0000026c7fb13200 WorkerThread "GC Thread#0"                     [id=5832, stack(0x0000009311a00000,0x0000009311b00000) (1024K)]
  0x0000026c7fb12e60 WorkerThread "GC Thread#1"                     [id=12644, stack(0x0000009312c00000,0x0000009312d00000) (1024K)]
  0x0000026c7fb11c40 WorkerThread "GC Thread#2"                     [id=14244, stack(0x0000009312d00000,0x0000009312e00000) (1024K)]
  0x0000026c5ca96630 WorkerThread "GC Thread#3"                     [id=23804, stack(0x0000009312e00000,0x0000009312f00000) (1024K)]
  0x0000026c5ca95ef0 WorkerThread "GC Thread#4"                     [id=10448, stack(0x0000009312f00000,0x0000009313000000) (1024K)]
  0x0000026c5ca98330 WorkerThread "GC Thread#5"                     [id=13196, stack(0x0000009313000000,0x0000009313100000) (1024K)]
  0x0000026c5ca97850 WorkerThread "GC Thread#6"                     [id=13292, stack(0x0000009313100000,0x0000009313200000) (1024K)]
  0x0000026c5ca97bf0 WorkerThread "GC Thread#7"                     [id=3276, stack(0x0000009313400000,0x0000009313500000) (1024K)]
  0x0000026c5ca974b0 WorkerThread "GC Thread#8"                     [id=6196, stack(0x0000009313900000,0x0000009313a00000) (1024K)]
  0x0000026c5ca97f90 WorkerThread "GC Thread#9"                     [id=3132, stack(0x0000009313a00000,0x0000009313b00000) (1024K)]
  0x0000026c5ca95b50 WorkerThread "GC Thread#10"                    [id=2100, stack(0x0000009313e00000,0x0000009313f00000) (1024K)]
  0x0000026c5ca969d0 WorkerThread "GC Thread#11"                    [id=18804, stack(0x0000009313f00000,0x0000009314000000) (1024K)]
  0x0000026c5ca986d0 WorkerThread "GC Thread#12"                    [id=7960, stack(0x0000009314000000,0x0000009314100000) (1024K)]
Total: 15

Threads with active compile tasks:
C2 CompilerThread1  8690 5856 % !   4       org.eclipse.jdt.internal.compiler.classfmt.ClassFileReader::<init> @ 81 (1968 bytes)
C2 CompilerThread3  8690 5921       4       org.eclipse.jdt.internal.compiler.lookup.BinaryTypeBinding::createMethod (1666 bytes)
C2 CompilerThread4  8690 6039       4       java.lang.invoke.DirectMethodHandle$Holder::newInvokeSpecial (21 bytes)
Total: 3

VM state: not at safepoint (normal execution)

VM Mutex/Monitor currently owned by a thread: None

Heap address: 0x0000000080000000, size: 2048 MB, Compressed Oops mode: 32-bit

CDS archive(s) mapped at: [0x0000026c19000000-0x0000026c19ba0000-0x0000026c19ba0000), size 12189696, SharedBaseAddress: 0x0000026c19000000, ArchiveRelocationMode: 1.
Compressed class space mapped at: 0x0000026c1a000000-0x0000026c5a000000, reserved size: 1073741824
Narrow klass base: 0x0000026c19000000, Narrow klass shift: 0, Narrow klass range: 0x100000000

GC Precious Log:
 CardTable entry size: 512
 CPUs: 16 total, 16 available
 Memory: 32691M
 Large Page Support: Disabled
 NUMA Support: Disabled
 Compressed Oops: Enabled (32-bit)
 Alignments: Space 512K, Generation 512K, Heap 2M
 Heap Min Capacity: 100M
 Heap Initial Capacity: 100M
 Heap Max Capacity: 2G
 Pre-touch: Disabled
 Parallel Workers: 13

Heap:
 PSYoungGen      total 22016K, used 8189K [0x00000000d5580000, 0x00000000d6f80000, 0x0000000100000000)
  eden space 20480K, 32% used [0x00000000d5580000,0x00000000d5bffa00,0x00000000d6980000)
  from space 1536K, 99% used [0x00000000d6980000,0x00000000d6affc88,0x00000000d6b00000)
  to   space 3072K, 0% used [0x00000000d6c80000,0x00000000d6c80000,0x00000000d6f80000)
 ParOldGen       total 68608K, used 29732K [0x0000000080000000, 0x0000000084300000, 0x00000000d5580000)
  object space 68608K, 43% used [0x0000000080000000,0x0000000081d09398,0x0000000084300000)
 Metaspace       used 41717K, committed 42752K, reserved 1114112K
  class space    used 4214K, committed 4672K, reserved 1048576K

Card table byte_map: [0x0000026c019b0000,0x0000026c01dc0000] _byte_map_base: 0x0000026c015b0000

Marking Bits: (ParMarkBitMap*) 0x00007ff8b196a340
 Begin Bits: [0x0000026c14480000, 0x0000026c16480000)
 End Bits:   [0x0000026c16480000, 0x0000026c18480000)

Polling page: 0x0000026c017a0000

Metaspace:

Usage:
  Non-class:     36.62 MB used.
      Class:      4.12 MB used.
       Both:     40.74 MB used.

Virtual space:
  Non-class space:       64.00 MB reserved,      37.19 MB ( 58%) committed,  1 nodes.
      Class space:        1.00 GB reserved,       4.56 MB ( <1%) committed,  1 nodes.
             Both:        1.06 GB reserved,      41.75 MB (  4%) committed. 

Chunk freelists:
   Non-Class:  9.91 MB
       Class:  11.41 MB
        Both:  21.31 MB

MaxMetaspaceSize: unlimited
CompressedClassSpaceSize: 1.00 GB
Initial GC threshold: 21.00 MB
Current GC threshold: 58.38 MB
CDS: on
 - commit_granule_bytes: 65536.
 - commit_granule_words: 8192.
 - virtual_space_node_default_size: 8388608.
 - enlarge_chunks_in_place: 1.
 - use_allocation_guard: 0.


Internal statistics:

num_allocs_failed_limit: 6.
num_arena_births: 924.
num_arena_deaths: 98.
num_vsnodes_births: 2.
num_vsnodes_deaths: 0.
num_space_committed: 668.
num_space_uncommitted: 0.
num_chunks_returned_to_freelist: 129.
num_chunks_taken_from_freelist: 2773.
num_chunk_merges: 35.
num_chunk_splits: 1719.
num_chunks_enlarged: 1040.
num_inconsistent_stats: 0.

CodeHeap 'non-profiled nmethods': size=119168Kb used=3557Kb max_used=3557Kb free=115610Kb
 bounds [0x0000026c0cd70000, 0x0000026c0d0f0000, 0x0000026c141d0000]
CodeHeap 'profiled nmethods': size=119104Kb used=12559Kb max_used=12559Kb free=106544Kb
 bounds [0x0000026c051d0000, 0x0000026c05e20000, 0x0000026c0c620000]
CodeHeap 'non-nmethods': size=7488Kb used=3093Kb max_used=3141Kb free=4395Kb
 bounds [0x0000026c0c620000, 0x0000026c0c940000, 0x0000026c0cd70000]
CodeCache: size=245760Kb, used=19209Kb, max_used=19257Kb, free=226549Kb
 total_blobs=6360, nmethods=5650, adapters=613, full_count=0
Compilation: enabled, stopped_count=0, restarted_count=0

Compilation events (20 events):
Event: 8.632 Thread 0x0000026c63fc4040 5920       4       org.eclipse.jdt.internal.compiler.env.ITypeAnnotationWalker$1::toReceiver (2 bytes)
Event: 8.633 Thread 0x0000026c63fc4040 nmethod 5920 0x0000026c0d0dcc90 code [0x0000026c0d0dce20, 0x0000026c0d0dcea8]
Event: 8.633 Thread 0x0000026c5b186cb0 6021       1       org.eclipse.core.internal.jobs.InternalJob::getJobGroup (5 bytes)
Event: 8.634 Thread 0x0000026c5b186cb0 nmethod 6021 0x0000026c0d0dcf90 code [0x0000026c0d0dd120, 0x0000026c0d0dd1e8]
Event: 8.635 Thread 0x0000026c5b070740 nmethod 5893 0x0000026c0d0dd290 code [0x0000026c0d0dd660, 0x0000026c0d0dfdf8]
Event: 8.636 Thread 0x0000026c62f4fdc0 nmethod 5890 0x0000026c0d0e0d90 code [0x0000026c0d0e11e0, 0x0000026c0d0e43d0]
Event: 8.642 Thread 0x0000026c5c8a28d0 6025       1       org.eclipse.core.internal.dtree.AbstractDataTreeNode::getChildren (5 bytes)
Event: 8.642 Thread 0x0000026c5c8a28d0 nmethod 6025 0x0000026c0d0e6210 code [0x0000026c0d0e63a0, 0x0000026c0d0e6468]
Event: 8.643 Thread 0x0000026c62f4fdc0 6026       4       java.lang.invoke.VarHandleByteArrayAsShorts$ArrayHandle::index (12 bytes)
Event: 8.644 Thread 0x0000026c63fc4040 6028       4       java.io.WinNTFileSystem::prefixLength (91 bytes)
Event: 8.644 Thread 0x0000026c62f4fdc0 nmethod 6026 0x0000026c0d0e6910 code [0x0000026c0d0e6aa0, 0x0000026c0d0e6b68]
Event: 8.646 Thread 0x0000026c63fc4040 nmethod 6028 0x0000026c0d0e6c10 code [0x0000026c0d0e6de0, 0x0000026c0d0e7150]
Event: 8.657 Thread 0x0000026c5b0714b0 6029   !   3       jdk.internal.misc.ScopedMemoryAccess::copyMemory (27 bytes)
Event: 8.657 Thread 0x0000026c5b0714b0 nmethod 6029 0x0000026c05e11d90 code [0x0000026c05e11fa0, 0x0000026c05e125c0]
Event: 8.658 Thread 0x0000026c5c8a28d0 6031       1       java.lang.StackTraceElement::getClassName (5 bytes)
Event: 8.658 Thread 0x0000026c5c8a28d0 nmethod 6031 0x0000026c0d0e7810 code [0x0000026c0d0e79a0, 0x0000026c0d0e7a68]
Event: 8.659 Thread 0x0000026c5b0714b0 6032       1       java.util.Calendar::getZone (5 bytes)
Event: 8.659 Thread 0x0000026c5b0714b0 nmethod 6032 0x0000026c0d0e7b10 code [0x0000026c0d0e7ca0, 0x0000026c0d0e7d68]
Event: 8.659 Thread 0x0000026c5b186cb0 6033       1       java.text.DecimalFormatSymbols::getZeroDigit (5 bytes)
Event: 8.659 Thread 0x0000026c5b186cb0 nmethod 6033 0x0000026c0d0e7e10 code [0x0000026c0d0e7fa0, 0x0000026c0d0e8070]

GC Heap History (20 events):
Event: 5.704 GC heap before
{Heap before GC invocations=16 (full 1):
 PSYoungGen      total 22528K, used 22500K [0x00000000d5580000, 0x00000000d7400000, 0x0000000100000000)
  eden space 20480K, 100% used [0x00000000d5580000,0x00000000d6980000,0x00000000d6980000)
  from space 2048K, 98% used [0x00000000d6e00000,0x00000000d6ff9000,0x00000000d7000000)
  to   space 4608K, 0% used [0x00000000d6980000,0x00000000d6980000,0x00000000d6e00000)
 ParOldGen       total 68608K, used 22427K [0x0000000080000000, 0x0000000084300000, 0x00000000d5580000)
  object space 68608K, 32% used [0x0000000080000000,0x00000000815e6f38,0x0000000084300000)
 Metaspace       used 32367K, committed 33344K, reserved 1114112K
  class space    used 3285K, committed 3712K, reserved 1048576K
}
Event: 5.707 GC heap after
{Heap after GC invocations=16 (full 1):
 PSYoungGen      total 23040K, used 2208K [0x00000000d5580000, 0x00000000d6f80000, 0x0000000100000000)
  eden space 20480K, 0% used [0x00000000d5580000,0x00000000d5580000,0x00000000d6980000)
  from space 2560K, 86% used [0x00000000d6980000,0x00000000d6ba8010,0x00000000d6c00000)
  to   space 3072K, 0% used [0x00000000d6c80000,0x00000000d6c80000,0x00000000d6f80000)
 ParOldGen       total 68608K, used 24419K [0x0000000080000000, 0x0000000084300000, 0x00000000d5580000)
  object space 68608K, 35% used [0x0000000080000000,0x00000000817d8d68,0x0000000084300000)
 Metaspace       used 32367K, committed 33344K, reserved 1114112K
  class space    used 3285K, committed 3712K, reserved 1048576K
}
Event: 5.760 GC heap before
{Heap before GC invocations=17 (full 1):
 PSYoungGen      total 23040K, used 22688K [0x00000000d5580000, 0x00000000d6f80000, 0x0000000100000000)
  eden space 20480K, 100% used [0x00000000d5580000,0x00000000d6980000,0x00000000d6980000)
  from space 2560K, 86% used [0x00000000d6980000,0x00000000d6ba8010,0x00000000d6c00000)
  to   space 3072K, 0% used [0x00000000d6c80000,0x00000000d6c80000,0x00000000d6f80000)
 ParOldGen       total 68608K, used 24419K [0x0000000080000000, 0x0000000084300000, 0x00000000d5580000)
  object space 68608K, 35% used [0x0000000080000000,0x00000000817d8d68,0x0000000084300000)
 Metaspace       used 32508K, committed 33472K, reserved 1114112K
  class space    used 3286K, committed 3712K, reserved 1048576K
}
Event: 5.762 GC heap after
{Heap after GC invocations=17 (full 1):
 PSYoungGen      total 22528K, used 1976K [0x00000000d5580000, 0x00000000d6e80000, 0x0000000100000000)
  eden space 20480K, 0% used [0x00000000d5580000,0x00000000d5580000,0x00000000d6980000)
  from space 2048K, 96% used [0x00000000d6c80000,0x00000000d6e6e200,0x00000000d6e80000)
  to   space 2560K, 0% used [0x00000000d6980000,0x00000000d6980000,0x00000000d6c00000)
 ParOldGen       total 68608K, used 26459K [0x0000000080000000, 0x0000000084300000, 0x00000000d5580000)
  object space 68608K, 38% used [0x0000000080000000,0x00000000819d6d78,0x0000000084300000)
 Metaspace       used 32508K, committed 33472K, reserved 1114112K
  class space    used 3286K, committed 3712K, reserved 1048576K
}
Event: 5.930 GC heap before
{Heap before GC invocations=18 (full 1):
 PSYoungGen      total 22528K, used 22456K [0x00000000d5580000, 0x00000000d6e80000, 0x0000000100000000)
  eden space 20480K, 100% used [0x00000000d5580000,0x00000000d6980000,0x00000000d6980000)
  from space 2048K, 96% used [0x00000000d6c80000,0x00000000d6e6e200,0x00000000d6e80000)
  to   space 2560K, 0% used [0x00000000d6980000,0x00000000d6980000,0x00000000d6c00000)
 ParOldGen       total 68608K, used 26459K [0x0000000080000000, 0x0000000084300000, 0x00000000d5580000)
  object space 68608K, 38% used [0x0000000080000000,0x00000000819d6d78,0x0000000084300000)
 Metaspace       used 33717K, committed 34688K, reserved 1114112K
  class space    used 3441K, committed 3904K, reserved 1048576K
}
Event: 5.932 GC heap after
{Heap after GC invocations=18 (full 1):
 PSYoungGen      total 22016K, used 1509K [0x00000000d5580000, 0x00000000d6d80000, 0x0000000100000000)
  eden space 20480K, 0% used [0x00000000d5580000,0x00000000d5580000,0x00000000d6980000)
  from space 1536K, 98% used [0x00000000d6980000,0x00000000d6af97e8,0x00000000d6b00000)
  to   space 2048K, 0% used [0x00000000d6b80000,0x00000000d6b80000,0x00000000d6d80000)
 ParOldGen       total 68608K, used 28243K [0x0000000080000000, 0x0000000084300000, 0x00000000d5580000)
  object space 68608K, 41% used [0x0000000080000000,0x0000000081b94f78,0x0000000084300000)
 Metaspace       used 33717K, committed 34688K, reserved 1114112K
  class space    used 3441K, committed 3904K, reserved 1048576K
}
Event: 6.042 GC heap before
{Heap before GC invocations=19 (full 1):
 PSYoungGen      total 22016K, used 7745K [0x00000000d5580000, 0x00000000d6d80000, 0x0000000100000000)
  eden space 20480K, 30% used [0x00000000d5580000,0x00000000d5b96c58,0x00000000d6980000)
  from space 1536K, 98% used [0x00000000d6980000,0x00000000d6af97e8,0x00000000d6b00000)
  to   space 2048K, 0% used [0x00000000d6b80000,0x00000000d6b80000,0x00000000d6d80000)
 ParOldGen       total 68608K, used 28243K [0x0000000080000000, 0x0000000084300000, 0x00000000d5580000)
  object space 68608K, 41% used [0x0000000080000000,0x0000000081b94f78,0x0000000084300000)
 Metaspace       used 34847K, committed 35840K, reserved 1114112K
  class space    used 3532K, committed 3968K, reserved 1048576K
}
Event: 6.043 GC heap after
{Heap after GC invocations=19 (full 1):
 PSYoungGen      total 21504K, used 608K [0x00000000d5580000, 0x00000000d6c80000, 0x0000000100000000)
  eden space 20480K, 0% used [0x00000000d5580000,0x00000000d5580000,0x00000000d6980000)
  from space 1024K, 59% used [0x00000000d6b80000,0x00000000d6c18020,0x00000000d6c80000)
  to   space 1024K, 0% used [0x00000000d6a80000,0x00000000d6a80000,0x00000000d6b80000)
 ParOldGen       total 68608K, used 29595K [0x0000000080000000, 0x0000000084300000, 0x00000000d5580000)
  object space 68608K, 43% used [0x0000000080000000,0x0000000081ce6c40,0x0000000084300000)
 Metaspace       used 34847K, committed 35840K, reserved 1114112K
  class space    used 3532K, committed 3968K, reserved 1048576K
}
Event: 6.043 GC heap before
{Heap before GC invocations=20 (full 2):
 PSYoungGen      total 21504K, used 608K [0x00000000d5580000, 0x00000000d6c80000, 0x0000000100000000)
  eden space 20480K, 0% used [0x00000000d5580000,0x00000000d5580000,0x00000000d6980000)
  from space 1024K, 59% used [0x00000000d6b80000,0x00000000d6c18020,0x00000000d6c80000)
  to   space 1024K, 0% used [0x00000000d6a80000,0x00000000d6a80000,0x00000000d6b80000)
 ParOldGen       total 68608K, used 29595K [0x0000000080000000, 0x0000000084300000, 0x00000000d5580000)
  object space 68608K, 43% used [0x0000000080000000,0x0000000081ce6c40,0x0000000084300000)
 Metaspace       used 34847K, committed 35840K, reserved 1114112K
  class space    used 3532K, committed 3968K, reserved 1048576K
}
Event: 6.079 GC heap after
{Heap after GC invocations=20 (full 2):
 PSYoungGen      total 21504K, used 0K [0x00000000d5580000, 0x00000000d6c80000, 0x0000000100000000)
  eden space 20480K, 0% used [0x00000000d5580000,0x00000000d5580000,0x00000000d6980000)
  from space 1024K, 0% used [0x00000000d6b80000,0x00000000d6b80000,0x00000000d6c80000)
  to   space 1024K, 0% used [0x00000000d6a80000,0x00000000d6a80000,0x00000000d6b80000)
 ParOldGen       total 68608K, used 27860K [0x0000000080000000, 0x0000000084300000, 0x00000000d5580000)
  object space 68608K, 40% used [0x0000000080000000,0x0000000081b35328,0x0000000084300000)
 Metaspace       used 34772K, committed 35840K, reserved 1114112K
  class space    used 3510K, committed 3968K, reserved 1048576K
}
Event: 6.155 GC heap before
{Heap before GC invocations=21 (full 2):
 PSYoungGen      total 21504K, used 20480K [0x00000000d5580000, 0x00000000d6c80000, 0x0000000100000000)
  eden space 20480K, 100% used [0x00000000d5580000,0x00000000d6980000,0x00000000d6980000)
  from space 1024K, 0% used [0x00000000d6b80000,0x00000000d6b80000,0x00000000d6c80000)
  to   space 1024K, 0% used [0x00000000d6a80000,0x00000000d6a80000,0x00000000d6b80000)
 ParOldGen       total 68608K, used 27860K [0x0000000080000000, 0x0000000084300000, 0x00000000d5580000)
  object space 68608K, 40% used [0x0000000080000000,0x0000000081b35328,0x0000000084300000)
 Metaspace       used 34965K, committed 35968K, reserved 1114112K
  class space    used 3527K, committed 3968K, reserved 1048576K
}
Event: 6.157 GC heap after
{Heap after GC invocations=21 (full 2):
 PSYoungGen      total 21504K, used 992K [0x00000000d5580000, 0x00000000d6c80000, 0x0000000100000000)
  eden space 20480K, 0% used [0x00000000d5580000,0x00000000d5580000,0x00000000d6980000)
  from space 1024K, 96% used [0x00000000d6a80000,0x00000000d6b782e8,0x00000000d6b80000)
  to   space 1024K, 0% used [0x00000000d6b80000,0x00000000d6b80000,0x00000000d6c80000)
 ParOldGen       total 68608K, used 28147K [0x0000000080000000, 0x0000000084300000, 0x00000000d5580000)
  object space 68608K, 41% used [0x0000000080000000,0x0000000081b7cea0,0x0000000084300000)
 Metaspace       used 34965K, committed 35968K, reserved 1114112K
  class space    used 3527K, committed 3968K, reserved 1048576K
}
Event: 6.259 GC heap before
{Heap before GC invocations=22 (full 2):
 PSYoungGen      total 21504K, used 21472K [0x00000000d5580000, 0x00000000d6c80000, 0x0000000100000000)
  eden space 20480K, 100% used [0x00000000d5580000,0x00000000d6980000,0x00000000d6980000)
  from space 1024K, 96% used [0x00000000d6a80000,0x00000000d6b782e8,0x00000000d6b80000)
  to   space 1024K, 0% used [0x00000000d6b80000,0x00000000d6b80000,0x00000000d6c80000)
 ParOldGen       total 68608K, used 28147K [0x0000000080000000, 0x0000000084300000, 0x00000000d5580000)
  object space 68608K, 41% used [0x0000000080000000,0x0000000081b7cea0,0x0000000084300000)
 Metaspace       used 36074K, committed 37120K, reserved 1114112K
  class space    used 3633K, committed 4096K, reserved 1048576K
}
Event: 6.261 GC heap after
{Heap after GC invocations=22 (full 2):
 PSYoungGen      total 20992K, used 416K [0x00000000d5580000, 0x00000000d6c00000, 0x0000000100000000)
  eden space 20480K, 0% used [0x00000000d5580000,0x00000000d5580000,0x00000000d6980000)
  from space 512K, 81% used [0x00000000d6b80000,0x00000000d6be8000,0x00000000d6c00000)
  to   space 1024K, 0% used [0x00000000d6a00000,0x00000000d6a00000,0x00000000d6b00000)
 ParOldGen       total 68608K, used 28275K [0x0000000080000000, 0x0000000084300000, 0x00000000d5580000)
  object space 68608K, 41% used [0x0000000080000000,0x0000000081b9cea0,0x0000000084300000)
 Metaspace       used 36074K, committed 37120K, reserved 1114112K
  class space    used 3633K, committed 4096K, reserved 1048576K
}
Event: 6.633 GC heap before
{Heap before GC invocations=23 (full 2):
 PSYoungGen      total 20992K, used 20896K [0x00000000d5580000, 0x00000000d6c00000, 0x0000000100000000)
  eden space 20480K, 100% used [0x00000000d5580000,0x00000000d6980000,0x00000000d6980000)
  from space 512K, 81% used [0x00000000d6b80000,0x00000000d6be8000,0x00000000d6c00000)
  to   space 1024K, 0% used [0x00000000d6a00000,0x00000000d6a00000,0x00000000d6b00000)
 ParOldGen       total 68608K, used 28275K [0x0000000080000000, 0x0000000084300000, 0x00000000d5580000)
  object space 68608K, 41% used [0x0000000080000000,0x0000000081b9cea0,0x0000000084300000)
 Metaspace       used 36947K, committed 37888K, reserved 1114112K
  class space    used 3750K, committed 4160K, reserved 1048576K
}
Event: 6.634 GC heap after
{Heap after GC invocations=23 (full 2):
 PSYoungGen      total 21504K, used 544K [0x00000000d5580000, 0x00000000d6c00000, 0x0000000100000000)
  eden space 20480K, 0% used [0x00000000d5580000,0x00000000d5580000,0x00000000d6980000)
  from space 1024K, 53% used [0x00000000d6a00000,0x00000000d6a88000,0x00000000d6b00000)
  to   space 1024K, 0% used [0x00000000d6b00000,0x00000000d6b00000,0x00000000d6c00000)
 ParOldGen       total 68608K, used 28371K [0x0000000080000000, 0x0000000084300000, 0x00000000d5580000)
  object space 68608K, 41% used [0x0000000080000000,0x0000000081bb4ea0,0x0000000084300000)
 Metaspace       used 36947K, committed 37888K, reserved 1114112K
  class space    used 3750K, committed 4160K, reserved 1048576K
}
Event: 6.966 GC heap before
{Heap before GC invocations=24 (full 2):
 PSYoungGen      total 21504K, used 21024K [0x00000000d5580000, 0x00000000d6c00000, 0x0000000100000000)
  eden space 20480K, 100% used [0x00000000d5580000,0x00000000d6980000,0x00000000d6980000)
  from space 1024K, 53% used [0x00000000d6a00000,0x00000000d6a88000,0x00000000d6b00000)
  to   space 1024K, 0% used [0x00000000d6b00000,0x00000000d6b00000,0x00000000d6c00000)
 ParOldGen       total 68608K, used 28371K [0x0000000080000000, 0x0000000084300000, 0x00000000d5580000)
  object space 68608K, 41% used [0x0000000080000000,0x0000000081bb4ea0,0x0000000084300000)
 Metaspace       used 38734K, committed 39744K, reserved 1114112K
  class space    used 3903K, committed 4352K, reserved 1048576K
}
Event: 6.967 GC heap after
{Heap after GC invocations=24 (full 2):
 PSYoungGen      total 21504K, used 1024K [0x00000000d5580000, 0x00000000d6c80000, 0x0000000100000000)
  eden space 20480K, 0% used [0x00000000d5580000,0x00000000d5580000,0x00000000d6980000)
  from space 1024K, 100% used [0x00000000d6b00000,0x00000000d6c00000,0x00000000d6c00000)
  to   space 1536K, 0% used [0x00000000d6980000,0x00000000d6980000,0x00000000d6b00000)
 ParOldGen       total 68608K, used 28667K [0x0000000080000000, 0x0000000084300000, 0x00000000d5580000)
  object space 68608K, 41% used [0x0000000080000000,0x0000000081bfeea0,0x0000000084300000)
 Metaspace       used 38734K, committed 39744K, reserved 1114112K
  class space    used 3903K, committed 4352K, reserved 1048576K
}
Event: 8.490 GC heap before
{Heap before GC invocations=25 (full 2):
 PSYoungGen      total 21504K, used 21491K [0x00000000d5580000, 0x00000000d6c80000, 0x0000000100000000)
  eden space 20480K, 99% used [0x00000000d5580000,0x00000000d697ccf0,0x00000000d6980000)
  from space 1024K, 100% used [0x00000000d6b00000,0x00000000d6c00000,0x00000000d6c00000)
  to   space 1536K, 0% used [0x00000000d6980000,0x00000000d6980000,0x00000000d6b00000)
 ParOldGen       total 68608K, used 28667K [0x0000000080000000, 0x0000000084300000, 0x00000000d5580000)
  object space 68608K, 41% used [0x0000000080000000,0x0000000081bfeea0,0x0000000084300000)
 Metaspace       used 40966K, committed 41984K, reserved 1114112K
  class space    used 4130K, committed 4608K, reserved 1048576K
}
Event: 8.492 GC heap after
{Heap after GC invocations=25 (full 2):
 PSYoungGen      total 22016K, used 1535K [0x00000000d5580000, 0x00000000d6f80000, 0x0000000100000000)
  eden space 20480K, 0% used [0x00000000d5580000,0x00000000d5580000,0x00000000d6980000)
  from space 1536K, 99% used [0x00000000d6980000,0x00000000d6affc88,0x00000000d6b00000)
  to   space 3072K, 0% used [0x00000000d6c80000,0x00000000d6c80000,0x00000000d6f80000)
 ParOldGen       total 68608K, used 29732K [0x0000000080000000, 0x0000000084300000, 0x00000000d5580000)
  object space 68608K, 43% used [0x0000000080000000,0x0000000081d09398,0x0000000084300000)
 Metaspace       used 40966K, committed 41984K, reserved 1114112K
  class space    used 4130K, committed 4608K, reserved 1048576K
}

Dll operation events (10 events):
Event: 0.005 Loaded shared library c:\Users\isaac\.vscode\extensions\redhat.java-1.46.0-win32-x64\jre\21.0.8-win32-x86_64\bin\java.dll
Event: 0.040 Loaded shared library c:\Users\isaac\.vscode\extensions\redhat.java-1.46.0-win32-x64\jre\21.0.8-win32-x86_64\bin\zip.dll
Event: 0.051 Loaded shared library C:\Users\isaac\.vscode\extensions\redhat.java-1.46.0-win32-x64\jre\21.0.8-win32-x86_64\bin\instrument.dll
Event: 0.053 Loaded shared library C:\Users\isaac\.vscode\extensions\redhat.java-1.46.0-win32-x64\jre\21.0.8-win32-x86_64\bin\net.dll
Event: 0.054 Loaded shared library C:\Users\isaac\.vscode\extensions\redhat.java-1.46.0-win32-x64\jre\21.0.8-win32-x86_64\bin\nio.dll
Event: 0.056 Loaded shared library C:\Users\isaac\.vscode\extensions\redhat.java-1.46.0-win32-x64\jre\21.0.8-win32-x86_64\bin\zip.dll
Event: 0.065 Loaded shared library C:\Users\isaac\.vscode\extensions\redhat.java-1.46.0-win32-x64\jre\21.0.8-win32-x86_64\bin\jimage.dll
Event: 0.103 Loaded shared library c:\Users\isaac\.vscode\extensions\redhat.java-1.46.0-win32-x64\jre\21.0.8-win32-x86_64\bin\verify.dll
Event: 0.734 Loaded shared library C:\Users\isaac\AppData\Roaming\Code\User\globalStorage\redhat.java\1.46.0\config_ss_win\org.eclipse.equinox.launcher\org.eclipse.equinox.launcher.win32.win32.x86_64_1.2.1400.v20250801-0854\eclipse_11916.dll
Event: 1.143 Loaded shared library C:\Users\isaac\AppData\Local\Temp\jna-100491993\jna15345367030994410920.dll

Deoptimization events (20 events):
Event: 8.577 Thread 0x0000026c617f7880 Uncommon trap: trap_request=0xffffffde fr.pc=0x0000026c0cf55858 relative=0x0000000000000638
Event: 8.577 Thread 0x0000026c617f7880 Uncommon trap: reason=class_check action=maybe_recompile pc=0x0000026c0cf55858 method=java.util.Spliterators$1Adapter.hasNext()Z @ 12 c2
Event: 8.577 Thread 0x0000026c617f7880 DEOPT PACKING pc=0x0000026c0cf55858 sp=0x0000009313cfe790
Event: 8.577 Thread 0x0000026c617f7880 DEOPT UNPACKING pc=0x0000026c0c673aa2 sp=0x0000009313cfe748 mode 2
Event: 8.577 Thread 0x0000026c617f7880 Uncommon trap: trap_request=0xffffffde fr.pc=0x0000026c0cf55858 relative=0x0000000000000638
Event: 8.577 Thread 0x0000026c617f7880 Uncommon trap: reason=class_check action=maybe_recompile pc=0x0000026c0cf55858 method=java.util.Spliterators$1Adapter.hasNext()Z @ 12 c2
Event: 8.577 Thread 0x0000026c617f7880 DEOPT PACKING pc=0x0000026c0cf55858 sp=0x0000009313cfe7a0
Event: 8.577 Thread 0x0000026c617f7880 DEOPT UNPACKING pc=0x0000026c0c673aa2 sp=0x0000009313cfe758 mode 2
Event: 8.577 Thread 0x0000026c617f7880 Uncommon trap: trap_request=0xffffffde fr.pc=0x0000026c0cf55858 relative=0x0000000000000638
Event: 8.577 Thread 0x0000026c617f7880 Uncommon trap: reason=class_check action=maybe_recompile pc=0x0000026c0cf55858 method=java.util.Spliterators$1Adapter.hasNext()Z @ 12 c2
Event: 8.577 Thread 0x0000026c617f7880 DEOPT PACKING pc=0x0000026c0cf55858 sp=0x0000009313cfe7a0
Event: 8.577 Thread 0x0000026c617f7880 DEOPT UNPACKING pc=0x0000026c0c673aa2 sp=0x0000009313cfe758 mode 2
Event: 8.619 Thread 0x0000026c617e67b0 Uncommon trap: trap_request=0xffffff45 fr.pc=0x0000026c0cdde038 relative=0x0000000000000098
Event: 8.619 Thread 0x0000026c617e67b0 Uncommon trap: reason=unstable_if action=reinterpret pc=0x0000026c0cdde038 method=java.util.Hashtable$Enumerator.nextElement()Ljava/lang/Object; @ 87 c2
Event: 8.619 Thread 0x0000026c617e67b0 DEOPT PACKING pc=0x0000026c0cdde038 sp=0x0000009313dfe9b0
Event: 8.619 Thread 0x0000026c617e67b0 DEOPT UNPACKING pc=0x0000026c0c673aa2 sp=0x0000009313dfe930 mode 2
Event: 8.636 Thread 0x0000026c617f7880 Uncommon trap: trap_request=0xffffff45 fr.pc=0x0000026c0cee4540 relative=0x00000000000001a0
Event: 8.636 Thread 0x0000026c617f7880 Uncommon trap: reason=unstable_if action=reinterpret pc=0x0000026c0cee4540 method=jdk.internal.org.objectweb.asm.Frame.push(I)V @ 26 c2
Event: 8.636 Thread 0x0000026c617f7880 DEOPT PACKING pc=0x0000026c0cee4540 sp=0x0000009313cfd430
Event: 8.636 Thread 0x0000026c617f7880 DEOPT UNPACKING pc=0x0000026c0c673aa2 sp=0x0000009313cfd3b8 mode 2

Classes loaded (20 events):
Event: 8.603 Loading class java/util/concurrent/ForkJoinTask$AdaptedCallable
Event: 8.603 Loading class java/util/concurrent/ForkJoinTask$AdaptedCallable done
Event: 8.608 Loading class java/util/stream/Nodes$CollectorTask$OfRef
Event: 8.608 Loading class java/util/stream/Nodes$CollectorTask
Event: 8.609 Loading class java/util/stream/Nodes$CollectorTask done
Event: 8.609 Loading class java/util/stream/Nodes$CollectorTask$OfRef done
Event: 8.609 Loading class java/util/function/LongFunction
Event: 8.609 Loading class java/util/function/LongFunction done
Event: 8.609 Loading class java/util/stream/Nodes$ConcNode
Event: 8.610 Loading class java/util/stream/Nodes$AbstractConcNode
Event: 8.610 Loading class java/util/stream/Nodes$AbstractConcNode done
Event: 8.610 Loading class java/util/stream/Nodes$ConcNode done
Event: 8.612 Loading class java/util/stream/Nodes$ToArrayTask$OfRef
Event: 8.613 Loading class java/util/stream/Nodes$ToArrayTask
Event: 8.613 Loading class java/util/stream/Nodes$ToArrayTask done
Event: 8.613 Loading class java/util/stream/Nodes$ToArrayTask$OfRef done
Event: 8.659 Loading class java/util/concurrent/Executors$DelegatedScheduledExecutorService
Event: 8.659 Loading class java/util/concurrent/Executors$DelegatedExecutorService
Event: 8.659 Loading class java/util/concurrent/Executors$DelegatedExecutorService done
Event: 8.659 Loading class java/util/concurrent/Executors$DelegatedScheduledExecutorService done

Classes unloaded (20 events):
Event: 6.048 Thread 0x0000026c7fb12720 Unloading class 0x0000026c1a396800 'java/lang/invoke/LambdaForm$DMH+0x0000026c1a396800'
Event: 6.048 Thread 0x0000026c7fb12720 Unloading class 0x0000026c1a395c00 'java/lang/invoke/LambdaForm$MH+0x0000026c1a395c00'
Event: 6.048 Thread 0x0000026c7fb12720 Unloading class 0x0000026c1a392400 'java/lang/invoke/LambdaForm$MH+0x0000026c1a392400'
Event: 6.048 Thread 0x0000026c7fb12720 Unloading class 0x0000026c1a392000 'java/lang/invoke/LambdaForm$MH+0x0000026c1a392000'
Event: 6.048 Thread 0x0000026c7fb12720 Unloading class 0x0000026c1a391800 'java/lang/invoke/LambdaForm$MH+0x0000026c1a391800'
Event: 6.048 Thread 0x0000026c7fb12720 Unloading class 0x0000026c1a391400 'java/lang/invoke/LambdaForm$MH+0x0000026c1a391400'
Event: 6.048 Thread 0x0000026c7fb12720 Unloading class 0x0000026c1a390c00 'java/lang/invoke/LambdaForm$MH+0x0000026c1a390c00'
Event: 6.048 Thread 0x0000026c7fb12720 Unloading class 0x0000026c1a390800 'java/lang/invoke/LambdaForm$MH+0x0000026c1a390800'
Event: 6.048 Thread 0x0000026c7fb12720 Unloading class 0x0000026c1a390000 'java/lang/invoke/LambdaForm$MH+0x0000026c1a390000'
Event: 6.048 Thread 0x0000026c7fb12720 Unloading class 0x0000026c1a38fc00 'java/lang/invoke/LambdaForm$MH+0x0000026c1a38fc00'
Event: 6.048 Thread 0x0000026c7fb12720 Unloading class 0x0000026c1a38f000 'java/lang/invoke/LambdaForm$MH+0x0000026c1a38f000'
Event: 6.048 Thread 0x0000026c7fb12720 Unloading class 0x0000026c1a38f400 'java/lang/invoke/LambdaForm$MH+0x0000026c1a38f400'
Event: 6.048 Thread 0x0000026c7fb12720 Unloading class 0x0000026c1a38e800 'java/lang/invoke/LambdaForm$MH+0x0000026c1a38e800'
Event: 6.048 Thread 0x0000026c7fb12720 Unloading class 0x0000026c1a38e400 'java/lang/invoke/LambdaForm$MH+0x0000026c1a38e400'
Event: 6.048 Thread 0x0000026c7fb12720 Unloading class 0x0000026c1a38d800 'java/lang/invoke/LambdaForm$MH+0x0000026c1a38d800'
Event: 6.048 Thread 0x0000026c7fb12720 Unloading class 0x0000026c1a38dc00 'java/lang/invoke/LambdaForm$MH+0x0000026c1a38dc00'
Event: 6.048 Thread 0x0000026c7fb12720 Unloading class 0x0000026c1a38d400 'java/lang/invoke/LambdaForm$MH+0x0000026c1a38d400'
Event: 6.048 Thread 0x0000026c7fb12720 Unloading class 0x0000026c1a38d000 'java/lang/invoke/LambdaForm$MH+0x0000026c1a38d000'
Event: 6.048 Thread 0x0000026c7fb12720 Unloading class 0x0000026c1a38c800 'java/lang/invoke/LambdaForm$DMH+0x0000026c1a38c800'
Event: 6.048 Thread 0x0000026c7fb12720 Unloading class 0x0000026c1a38c400 'java/lang/invoke/LambdaForm$DMH+0x0000026c1a38c400'

Classes redefined (0 events):
No events

Internal exceptions (20 events):
Event: 6.874 Thread 0x0000026c633329b0 Exception <a 'java/lang/NoSuchMethodError'{0x00000000d648a0a0}: 'java.lang.Object java.lang.invoke.DirectMethodHandle$Holder.invokeSpecial(java.lang.Object, java.lang.Object, java.lang.Object, java.lang.Object, int, java.lang.Object, java.lang.Object)'> (0x00000000d648a0a0) 
thrown [s\src\hotspot\share\interpreter\linkResolver.cpp, line 773]
Event: 6.874 Thread 0x0000026c6332fbc0 Exception <a 'java/lang/NoSuchMethodError'{0x00000000d64c0448}: 'java.lang.Object java.lang.invoke.DirectMethodHandle$Holder.invokeSpecial(java.lang.Object, java.lang.Object, java.lang.Object, java.lang.Object, int, java.lang.Object, java.lang.Object)'> (0x00000000d64c0448) 
thrown [s\src\hotspot\share\interpreter\linkResolver.cpp, line 773]
Event: 6.875 Thread 0x0000026c63333040 Exception <a 'java/lang/NoSuchMethodError'{0x00000000d6353ee0}: 'java.lang.Object java.lang.invoke.DirectMethodHandle$Holder.invokeSpecial(java.lang.Object, java.lang.Object, java.lang.Object, java.lang.Object, int, java.lang.Object, java.lang.Object)'> (0x00000000d6353ee0) 
thrown [s\src\hotspot\share\interpreter\linkResolver.cpp, line 773]
Event: 7.000 Thread 0x0000026c63332320 Exception <a 'java/lang/IncompatibleClassChangeError'{0x00000000d56e8c30}: Found class java.lang.Object, but interface was expected> (0x00000000d56e8c30) 
thrown [s\src\hotspot\share\interpreter\linkResolver.cpp, line 840]
Event: 7.002 Thread 0x0000026c63332320 Exception <a 'java/lang/IncompatibleClassChangeError'{0x00000000d56fb0d0}: Found class java.lang.Object, but interface was expected> (0x00000000d56fb0d0) 
thrown [s\src\hotspot\share\interpreter\linkResolver.cpp, line 840]
Event: 7.387 Thread 0x0000026c617e67b0 Exception <a 'java/lang/NoSuchMethodError'{0x00000000d598b040}: 'java.lang.Object java.lang.invoke.DirectMethodHandle$Holder.invokeSpecial(java.lang.Object, java.lang.Object, int, long)'> (0x00000000d598b040) 
thrown [s\src\hotspot\share\interpreter\linkResolver.cpp, line 773]
Event: 7.399 Thread 0x0000026c63333d60 Exception <a 'java/lang/ArrayIndexOutOfBoundsException'{0x00000000d5a1e908}> (0x00000000d5a1e908) 
thrown [s\src\hotspot\share\runtime\sharedRuntime.cpp, line 625]
Event: 8.195 Thread 0x0000026c617e67b0 Exception <a 'java/lang/NoSuchMethodError'{0x00000000d5f0edf8}: 'int java.lang.invoke.DirectMethodHandle$Holder.invokeSpecialIFC(java.lang.Object, java.lang.Object, java.lang.Object)'> (0x00000000d5f0edf8) 
thrown [s\src\hotspot\share\interpreter\linkResolver.cpp, line 773]
Event: 8.202 Thread 0x0000026c617e67b0 Implicit null exception at 0x0000026c0d0909a8 to 0x0000026c0d0915ac
Event: 8.216 Thread 0x0000026c617e67b0 Implicit null exception at 0x0000026c0d09314b to 0x0000026c0d0932ac
Event: 8.242 Thread 0x0000026c617e67b0 Exception <a 'java/io/FileNotFoundException'{0x00000000d608b128}> (0x00000000d608b128) 
thrown [s\src\hotspot\share\prims\jni.cpp, line 520]
Event: 8.243 Thread 0x0000026c617e67b0 Exception <a 'java/io/FileNotFoundException'{0x00000000d608c660}> (0x00000000d608c660) 
thrown [s\src\hotspot\share\prims\jni.cpp, line 520]
Event: 8.377 Thread 0x0000026c617e67b0 Exception <a 'java/lang/NoSuchMethodError'{0x00000000d64daec0}: 'java.lang.Object java.lang.invoke.DirectMethodHandle$Holder.invokeStatic(java.lang.Object, int, java.lang.Object)'> (0x00000000d64daec0) 
thrown [s\src\hotspot\share\interpreter\linkResolver.cpp, line 773]
Event: 8.381 Thread 0x0000026c617e67b0 Implicit null exception at 0x0000026c0d056b23 to 0x0000026c0d056e8c
Event: 8.553 Thread 0x0000026c617e67b0 Exception <a 'java/io/FileNotFoundException'{0x00000000d57a7c68}> (0x00000000d57a7c68) 
thrown [s\src\hotspot\share\prims\jni.cpp, line 520]
Event: 8.553 Thread 0x0000026c617e67b0 Exception <a 'java/io/FileNotFoundException'{0x00000000d57a8ca0}> (0x00000000d57a8ca0) 
thrown [s\src\hotspot\share\prims\jni.cpp, line 520]
Event: 8.553 Thread 0x0000026c617e67b0 Exception <a 'java/io/FileNotFoundException'{0x00000000d57a9a50}> (0x00000000d57a9a50) 
thrown [s\src\hotspot\share\prims\jni.cpp, line 520]
Event: 8.623 Thread 0x0000026c617f7880 Exception <a 'java/io/FileNotFoundException'{0x00000000d5abd3b0}> (0x00000000d5abd3b0) 
thrown [s\src\hotspot\share\prims\jni.cpp, line 520]
Event: 8.637 Thread 0x0000026c617f7880 Exception <a 'java/lang/NoSuchMethodError'{0x00000000d5b2b398}: 'java.lang.Object java.lang.invoke.DirectMethodHandle$Holder.newInvokeSpecial(java.lang.Object, java.lang.Object, java.lang.Object, java.lang.Object, java.lang.Object, java.lang.Object, java.lang.Object, java.lang.Object, java.lang.Object, java.lang.Object)'> (0x00000000d5b2b398) 
thrown [s\src\hotspot\share\interpreter\linkResolver.cpp, line 773]
Event: 8.657 Thread 0x0000026c63332320 Exception <a 'java/lang/NoSuchMethodError'{0x00000000d58ed7c0}: 'void java.lang.invoke.DirectMethodHandle$Holder.invokeInterface(java.lang.Object, java.lang.Object)'> (0x00000000d58ed7c0) 
thrown [s\src\hotspot\share\interpreter\linkResolver.cpp, line 773]

ZGC Phase Switch (0 events):
No events

VM Operations (20 events):
Event: 6.042 Executing VM operation: CollectForMetadataAllocation (Metadata GC Threshold)
Event: 6.079 Executing VM operation: CollectForMetadataAllocation (Metadata GC Threshold) done
Event: 6.155 Executing VM operation: ParallelGCFailedAllocation (Allocation Failure)
Event: 6.157 Executing VM operation: ParallelGCFailedAllocation (Allocation Failure) done
Event: 6.259 Executing VM operation: ParallelGCFailedAllocation (Allocation Failure)
Event: 6.261 Executing VM operation: ParallelGCFailedAllocation (Allocation Failure) done
Event: 6.632 Executing VM operation: ParallelGCFailedAllocation (Allocation Failure)
Event: 6.634 Executing VM operation: ParallelGCFailedAllocation (Allocation Failure) done
Event: 6.813 Executing VM operation: HandshakeAllThreads (Deoptimize)
Event: 6.814 Executing VM operation: HandshakeAllThreads (Deoptimize) done
Event: 6.966 Executing VM operation: ParallelGCFailedAllocation (Allocation Failure)
Event: 6.967 Executing VM operation: ParallelGCFailedAllocation (Allocation Failure) done
Event: 7.982 Executing VM operation: Cleanup
Event: 7.982 Executing VM operation: Cleanup done
Event: 8.198 Executing VM operation: HandshakeAllThreads (Deoptimize)
Event: 8.198 Executing VM operation: HandshakeAllThreads (Deoptimize) done
Event: 8.381 Executing VM operation: ICBufferFull
Event: 8.382 Executing VM operation: ICBufferFull done
Event: 8.490 Executing VM operation: ParallelGCFailedAllocation (Allocation Failure)
Event: 8.492 Executing VM operation: ParallelGCFailedAllocation (Allocation Failure) done

Memory protections (0 events):
No events

Nmethod flushes (20 events):
Event: 6.059 Thread 0x0000026c7fb12720 flushing  nmethod 0x0000026c05523190
Event: 6.059 Thread 0x0000026c7fb12720 flushing  nmethod 0x0000026c05525990
Event: 6.059 Thread 0x0000026c7fb12720 flushing  nmethod 0x0000026c05531b10
Event: 6.059 Thread 0x0000026c7fb12720 flushing  nmethod 0x0000026c05554110
Event: 6.059 Thread 0x0000026c7fb12720 flushing  nmethod 0x0000026c05554410
Event: 6.059 Thread 0x0000026c7fb12720 flushing  nmethod 0x0000026c05559f10
Event: 6.059 Thread 0x0000026c7fb12720 flushing  nmethod 0x0000026c05568590
Event: 6.059 Thread 0x0000026c7fb12720 flushing  nmethod 0x0000026c055f0490
Event: 6.059 Thread 0x0000026c7fb12720 flushing  nmethod 0x0000026c05650390
Event: 6.059 Thread 0x0000026c7fb12720 flushing  nmethod 0x0000026c05650810
Event: 6.059 Thread 0x0000026c7fb12720 flushing  nmethod 0x0000026c05682a90
Event: 6.059 Thread 0x0000026c7fb12720 flushing  nmethod 0x0000026c05683d90
Event: 6.059 Thread 0x0000026c7fb12720 flushing  nmethod 0x0000026c05689910
Event: 6.059 Thread 0x0000026c7fb12720 flushing  nmethod 0x0000026c056b2990
Event: 6.059 Thread 0x0000026c7fb12720 flushing  nmethod 0x0000026c056c3a10
Event: 6.059 Thread 0x0000026c7fb12720 flushing  nmethod 0x0000026c05703c90
Event: 6.059 Thread 0x0000026c7fb12720 flushing  nmethod 0x0000026c05704710
Event: 6.059 Thread 0x0000026c7fb12720 flushing  nmethod 0x0000026c05705510
Event: 6.059 Thread 0x0000026c7fb12720 flushing  nmethod 0x0000026c05714e10
Event: 6.059 Thread 0x0000026c7fb12720 flushing  nmethod 0x0000026c0571a710

Events (20 events):
Event: 7.384 Thread 0x0000026c61fc6110 Thread exited: 0x0000026c61fc6110
Event: 8.007 Thread 0x0000026c6303f4f0 Thread exited: 0x0000026c6303f4f0
Event: 8.007 Thread 0x0000026c62f4fdc0 Thread exited: 0x0000026c62f4fdc0
Event: 8.044 Thread 0x0000026c616cd740 Thread exited: 0x0000026c616cd740
Event: 8.044 Thread 0x0000026c5cf00fd0 Thread exited: 0x0000026c5cf00fd0
Event: 8.090 Thread 0x0000026c5b0714b0 Thread added: 0x0000026c61fc6110
Event: 8.382 Thread 0x0000026c5b0714b0 Thread added: 0x0000026c62f4fdc0
Event: 8.587 Thread 0x0000026c6332e180 Thread added: 0x0000026c633343f0
Event: 8.601 Thread 0x0000026c5b187350 Thread added: 0x0000026c5b2d5aa0
Event: 8.603 Thread 0x0000026c617f7880 Thread added: 0x0000026c63334a80
Event: 8.612 Thread 0x0000026c63334a80 Thread added: 0x0000026c6d333f20
Event: 8.612 Thread 0x0000026c5b186cb0 Thread added: 0x0000026c5c8a28d0
Event: 8.614 Thread 0x0000026c6d333f20 Thread exited: 0x0000026c6d333f20
Event: 8.615 Thread 0x0000026c63334a80 Thread exited: 0x0000026c63334a80
Event: 8.621 Thread 0x0000026c5c8a28d0 Thread added: 0x0000026c63fc4040
Event: 8.640 Thread 0x0000026c617f7880 Thread added: 0x0000026c63334a80
Event: 8.641 Thread 0x0000026c63334a80 Thread added: 0x0000026c6d3352d0
Event: 8.656 Thread 0x0000026c6d3352d0 Thread exited: 0x0000026c6d3352d0
Event: 8.657 Thread 0x0000026c63334a80 Thread exited: 0x0000026c63334a80
Event: 8.660 Thread 0x0000026c63332320 Thread added: 0x0000026c63334a80


Dynamic libraries:
0x00007ff678380000 - 0x00007ff67838e000 	c:\Users\isaac\.vscode\extensions\redhat.java-1.46.0-win32-x64\jre\21.0.8-win32-x86_64\bin\java.exe
0x00007ff9a8c00000 - 0x00007ff9a8e69000 	C:\WINDOWS\SYSTEM32\ntdll.dll
0x00007ff9a6d00000 - 0x00007ff9a6dc9000 	C:\WINDOWS\System32\KERNEL32.DLL
0x00007ff9a6120000 - 0x00007ff9a6513000 	C:\WINDOWS\System32\KERNELBASE.dll
0x00007ff9a65e0000 - 0x00007ff9a672b000 	C:\WINDOWS\System32\ucrtbase.dll
0x00007ff976700000 - 0x00007ff976718000 	c:\Users\isaac\.vscode\extensions\redhat.java-1.46.0-win32-x64\jre\21.0.8-win32-x86_64\bin\jli.dll
0x00007ff96e470000 - 0x00007ff96e48e000 	c:\Users\isaac\.vscode\extensions\redhat.java-1.46.0-win32-x64\jre\21.0.8-win32-x86_64\bin\VCRUNTIME140.dll
0x00007ff9a7e30000 - 0x00007ff9a7ff4000 	C:\WINDOWS\System32\USER32.dll
0x00007ff9a5d90000 - 0x00007ff9a5db7000 	C:\WINDOWS\System32\win32u.dll
0x00007ff9a5020000 - 0x00007ff9a52b3000 	C:\WINDOWS\WinSxS\amd64_microsoft.windows.common-controls_6595b64144ccf1df_6.0.26100.5074_none_3e0d6f78e32fd63f\COMCTL32.dll
0x00007ff9a6b30000 - 0x00007ff9a6b5b000 	C:\WINDOWS\System32\GDI32.dll
0x00007ff9a6a80000 - 0x00007ff9a6b29000 	C:\WINDOWS\System32\msvcrt.dll
0x00007ff9a6730000 - 0x00007ff9a685d000 	C:\WINDOWS\System32\gdi32full.dll
0x00007ff9a5dc0000 - 0x00007ff9a5e63000 	C:\WINDOWS\System32\msvcp_win.dll
0x00007ff9a85f0000 - 0x00007ff9a861f000 	C:\WINDOWS\System32\IMM32.DLL
0x00007ff99fe40000 - 0x00007ff99fe4c000 	c:\Users\isaac\.vscode\extensions\redhat.java-1.46.0-win32-x64\jre\21.0.8-win32-x86_64\bin\vcruntime140_1.dll
0x00007ff94f5b0000 - 0x00007ff94f63d000 	c:\Users\isaac\.vscode\extensions\redhat.java-1.46.0-win32-x64\jre\21.0.8-win32-x86_64\bin\msvcp140.dll
0x00007ff8b0cb0000 - 0x00007ff8b1a47000 	c:\Users\isaac\.vscode\extensions\redhat.java-1.46.0-win32-x64\jre\21.0.8-win32-x86_64\bin\server\jvm.dll
0x00007ff9a6f30000 - 0x00007ff9a6fe4000 	C:\WINDOWS\System32\ADVAPI32.dll
0x00007ff9a69d0000 - 0x00007ff9a6a76000 	C:\WINDOWS\System32\sechost.dll
0x00007ff9a8aa0000 - 0x00007ff9a8bb8000 	C:\WINDOWS\System32\RPCRT4.dll
0x00007ff9a6c10000 - 0x00007ff9a6c84000 	C:\WINDOWS\System32\WS2_32.dll
0x00007ff9a59a0000 - 0x00007ff9a59fe000 	C:\WINDOWS\SYSTEM32\POWRPROF.dll
0x00007ff99d810000 - 0x00007ff99d81b000 	C:\WINDOWS\SYSTEM32\VERSION.dll
0x00007ff997750000 - 0x00007ff997785000 	C:\WINDOWS\SYSTEM32\WINMM.dll
0x00007ff9a5980000 - 0x00007ff9a5994000 	C:\WINDOWS\SYSTEM32\UMPDC.dll
0x00007ff9a4200000 - 0x00007ff9a421b000 	C:\WINDOWS\SYSTEM32\kernel.appcore.dll
0x00007ff99e390000 - 0x00007ff99e39a000 	c:\Users\isaac\.vscode\extensions\redhat.java-1.46.0-win32-x64\jre\21.0.8-win32-x86_64\bin\jimage.dll
0x00007ff9a55f0000 - 0x00007ff9a5832000 	C:\WINDOWS\SYSTEM32\DBGHELP.DLL
0x00007ff9a8640000 - 0x00007ff9a89bb000 	C:\WINDOWS\System32\combase.dll
0x00007ff9a8000000 - 0x00007ff9a80d7000 	C:\WINDOWS\System32\OLEAUT32.dll
0x00007ff9a54e0000 - 0x00007ff9a551d000 	C:\WINDOWS\SYSTEM32\dbgcore.DLL
0x00007ff9a6080000 - 0x00007ff9a6119000 	C:\WINDOWS\System32\bcryptPrimitives.dll
0x00007ff998bc0000 - 0x00007ff998bcf000 	c:\Users\isaac\.vscode\extensions\redhat.java-1.46.0-win32-x64\jre\21.0.8-win32-x86_64\bin\instrument.dll
0x00007ff964280000 - 0x00007ff96429f000 	c:\Users\isaac\.vscode\extensions\redhat.java-1.46.0-win32-x64\jre\21.0.8-win32-x86_64\bin\java.dll
0x00007ff9a7280000 - 0x00007ff9a79cd000 	C:\WINDOWS\System32\SHELL32.dll
0x00007ff9a6860000 - 0x00007ff9a69cc000 	C:\WINDOWS\System32\wintypes.dll
0x00007ff9a2f30000 - 0x00007ff9a3789000 	C:\WINDOWS\SYSTEM32\windows.storage.dll
0x00007ff9a7c30000 - 0x00007ff9a7d20000 	C:\WINDOWS\System32\SHCORE.dll
0x00007ff9a6c90000 - 0x00007ff9a6cf2000 	C:\WINDOWS\System32\shlwapi.dll
0x00007ff9a5cb0000 - 0x00007ff9a5cd9000 	C:\WINDOWS\SYSTEM32\profapi.dll
0x00007ff963ee0000 - 0x00007ff963ef8000 	c:\Users\isaac\.vscode\extensions\redhat.java-1.46.0-win32-x64\jre\21.0.8-win32-x86_64\bin\zip.dll
0x00007ff9910a0000 - 0x00007ff9910b0000 	C:\Users\isaac\.vscode\extensions\redhat.java-1.46.0-win32-x64\jre\21.0.8-win32-x86_64\bin\net.dll
0x00007ff99d2f0000 - 0x00007ff99d40f000 	C:\WINDOWS\SYSTEM32\WINHTTP.dll
0x00007ff9a4720000 - 0x00007ff9a478b000 	C:\WINDOWS\system32\mswsock.dll
0x00007ff963ea0000 - 0x00007ff963eb6000 	C:\Users\isaac\.vscode\extensions\redhat.java-1.46.0-win32-x64\jre\21.0.8-win32-x86_64\bin\nio.dll
0x00007ff96e5b0000 - 0x00007ff96e5c0000 	c:\Users\isaac\.vscode\extensions\redhat.java-1.46.0-win32-x64\jre\21.0.8-win32-x86_64\bin\verify.dll
0x00007ff95c720000 - 0x00007ff95c764000 	C:\Users\isaac\AppData\Roaming\Code\User\globalStorage\redhat.java\1.46.0\config_ss_win\org.eclipse.equinox.launcher\org.eclipse.equinox.launcher.win32.win32.x86_64_1.2.1400.v20250801-0854\eclipse_11916.dll
0x00007ff9a7020000 - 0x00007ff9a71b8000 	C:\WINDOWS\System32\ole32.dll
0x00007ff9a5960000 - 0x00007ff9a597b000 	C:\WINDOWS\SYSTEM32\CRYPTSP.dll
0x00007ff9a4bb0000 - 0x00007ff9a4beb000 	C:\WINDOWS\system32\rsaenh.dll
0x00007ff9a4790000 - 0x00007ff9a47bb000 	C:\WINDOWS\SYSTEM32\USERENV.dll
0x00007ff9a5c80000 - 0x00007ff9a5ca6000 	C:\WINDOWS\SYSTEM32\bcrypt.dll
0x00007ff9a4ba0000 - 0x00007ff9a4bac000 	C:\WINDOWS\SYSTEM32\CRYPTBASE.dll
0x00007ff9a3c40000 - 0x00007ff9a3c74000 	C:\WINDOWS\SYSTEM32\IPHLPAPI.DLL
0x00007ff9a89d0000 - 0x00007ff9a89da000 	C:\WINDOWS\System32\NSI.dll
0x00007ff94f420000 - 0x00007ff94f469000 	C:\Users\isaac\AppData\Local\Temp\jna-100491993\jna15345367030994410920.dll
0x00007ff9a71c0000 - 0x00007ff9a71c8000 	C:\WINDOWS\System32\PSAPI.DLL
0x00007ff99d460000 - 0x00007ff99d47e000 	C:\WINDOWS\SYSTEM32\dhcpcsvc6.DLL
0x00007ff99d430000 - 0x00007ff99d453000 	C:\WINDOWS\SYSTEM32\dhcpcsvc.DLL
0x00007ff9a55b0000 - 0x00007ff9a55e6000 	C:\WINDOWS\SYSTEM32\ntmarta.dll

JVMTI agents:
c:\Users\isaac\.vscode\extensions\redhat.java-1.46.0-win32-x64\lombok\lombok-1.18.39-4050.jar path:c:\Users\isaac\.vscode\extensions\redhat.java-1.46.0-win32-x64\jre\21.0.8-win32-x86_64\bin\instrument.dll, loaded, initialized, instrumentlib options:none

dbghelp: loaded successfully - version: 4.0.5 - missing functions: none
symbol engine: initialized successfully - sym options: 0x614 - pdb path: .;c:\Users\isaac\.vscode\extensions\redhat.java-1.46.0-win32-x64\jre\21.0.8-win32-x86_64\bin;C:\WINDOWS\SYSTEM32;C:\WINDOWS\WinSxS\amd64_microsoft.windows.common-controls_6595b64144ccf1df_6.0.26100.5074_none_3e0d6f78e32fd63f;c:\Users\isaac\.vscode\extensions\redhat.java-1.46.0-win32-x64\jre\21.0.8-win32-x86_64\bin\server;C:\Users\isaac\AppData\Roaming\Code\User\globalStorage\redhat.java\1.46.0\config_ss_win\org.eclipse.equinox.launcher\org.eclipse.equinox.launcher.win32.win32.x86_64_1.2.1400.v20250801-0854;C:\Users\isaac\AppData\Local\Temp\jna-100491993

VM Arguments:
jvm_args: --add-modules=ALL-SYSTEM --add-opens=java.base/java.util=ALL-UNNAMED --add-opens=java.base/java.lang=ALL-UNNAMED --add-opens=java.base/sun.nio.fs=ALL-UNNAMED -Declipse.application=org.eclipse.jdt.ls.core.id1 -Dosgi.bundles.defaultStartLevel=4 -Declipse.product=org.eclipse.jdt.ls.core.product -Djava.import.generatesMetadataFilesAtProjectRoot=false -DDetectVMInstallationsJob.disabled=true -Dfile.encoding=utf8 -XX:+UseParallelGC -XX:GCTimeRatio=4 -XX:AdaptiveSizePolicyWeight=90 -Dsun.zip.disableMemoryMapping=true -Xmx2G -Xms100m -Xlog:disable -javaagent:c:\Users\isaac\.vscode\extensions\redhat.java-1.46.0-win32-x64\lombok\lombok-1.18.39-4050.jar 
java_command: c:\Users\isaac\.vscode\extensions\redhat.java-1.46.0-win32-x64\server\plugins\org.eclipse.equinox.launcher_1.7.0.v20250519-0528.jar -configuration c:\Users\isaac\AppData\Roaming\Code\User\globalStorage\redhat.java\1.46.0\config_ss_win -data c:\Users\isaac\AppData\Roaming\Code\User\workspaceStorage\edab66a839043852d143d6cc73a51121\redhat.java\ss_ws --pipe=\\.\pipe\lsp-9ca101f739fca11ed3d20290b1b2f391-sock
java_class_path (initial): c:\Users\isaac\.vscode\extensions\redhat.java-1.46.0-win32-x64\server\plugins\org.eclipse.equinox.launcher_1.7.0.v20250519-0528.jar
Launcher Type: SUN_STANDARD

[Global flags]
    uintx AdaptiveSizePolicyWeight                 = 90                                        {product} {command line}
     intx CICompilerCount                          = 12                                        {product} {ergonomic}
    uintx GCTimeRatio                              = 4                                         {product} {command line}
   size_t InitialHeapSize                          = 104857600                                 {product} {command line}
   size_t MaxHeapSize                              = 2147483648                                {product} {command line}
   size_t MaxNewSize                               = 715653120                                 {product} {ergonomic}
   size_t MinHeapDeltaBytes                        = 524288                                    {product} {ergonomic}
   size_t MinHeapSize                              = 104857600                                 {product} {command line}
   size_t NewSize                                  = 34603008                                  {product} {ergonomic}
    uintx NonNMethodCodeHeapSize                   = 7602480                                {pd product} {ergonomic}
    uintx NonProfiledCodeHeapSize                  = 122027880                              {pd product} {ergonomic}
   size_t OldSize                                  = 70254592                                  {product} {ergonomic}
    uintx ProfiledCodeHeapSize                     = 122027880                              {pd product} {ergonomic}
    uintx ReservedCodeCacheSize                    = 251658240                              {pd product} {ergonomic}
     bool SegmentedCodeCache                       = true                                      {product} {ergonomic}
   size_t SoftMaxHeapSize                          = 2147483648                             {manageable} {ergonomic}
     bool UseCompressedOops                        = true                           {product lp64_product} {ergonomic}
     bool UseLargePagesIndividualAllocation        = false                                  {pd product} {ergonomic}
     bool UseParallelGC                            = true                                      {product} {command line}

Logging:
Log output configuration:
 #0: stdout all=off uptime,level,tags foldmultilines=false
 #1: stderr all=off uptime,level,tags foldmultilines=false

Environment Variables:
JAVA_HOME=C:\Users\isaac\Documents\JavaProjects\openjdk-24.0.1_windows-x64_bin\jdk-24.0.1
PATH=C:\Program Files\NVIDIA GPU Computing Toolkit\CUDA\v12.0\bin;C:\Program Files\NVIDIA GPU Computing Toolkit\CUDA\v12.0\libnvvp;C:\Program Files\NVIDIA GPU Computing Toolkit\CUDA\v13.0\bin\x64;C:\Program Files\NVIDIA GPU Computing Toolkit\CUDA\v13.0\bin;C:\Program Files (x86)\Common Files\Oracle\Java\java8path;C:\Program Files (x86)\Common Files\Oracle\Java\javapath;C:\app\isaac\product\23ai\dbhomeFree\bin;C:\WINDOWS\system32;C:\WINDOWS;C:\WINDOWS\System32\Wbem;C:\WINDOWS\System32\WindowsPowerShell\v1.0\;C:\WINDOWS\System32\OpenSSH\;C:\Program Files (x86)\NVIDIA Corporation\PhysX\Common;C:\Program Files\Zero Install;C:\Program Files\RedHat\Podman\;C:\Program Files\Git\cmd;C:\Program Files\NVIDIA Corporation\NVIDIA App\NvDLISR;C:\Program Files\nodejs\;C:\ProgramData\chocolatey\bin;C:\Program Files\NVIDIA Corporation\Nsight Compute 2022.4.0\;C:\Program Files\NVIDIA Corporation\NVIDIA NvDLISR;C:\Program Files\Docker\Docker\resources\bin;C:\Users\isaac\AppData\Local\Programs\Python\Python311\Scripts\;C:\Users\isaac\AppData\Local\Programs\Python\Python311\;C:\Users\isaac\AppData\Local\Programs\oh-my-posh\bin\;C:\Users\isaac\.console-ninja\.bin;C:\Users\isaac\AppData\Local\Microsoft\WindowsApps;C:\Program Files\JetBrains\IntelliJ IDEA Community Edition 2025.1.1.1\bin;;C:\Users\isaac\Documents\JavaProjects\openjdk-24.0.1_windows-x64_bin\jdk-24.0.1\bin;C:\Users\isaac\AppData\Local\Programs\Microsoft VS Code\bin;C:\Users\isaac\AppData\Roaming\npm;C:\Program Files\NVIDIA GPU Computing Toolkit\CUDA\v13.0\extras\CUPTI\lib64
USERNAME=isaac
OS=Windows_NT
PROCESSOR_IDENTIFIER=AMD64 Family 25 Model 33 Stepping 2, AuthenticAMD
TMP=C:\Users\isaac\AppData\Local\Temp
TEMP=C:\Users\isaac\AppData\Local\Temp




Periodic native trim disabled

---------------  S Y S T E M  ---------------

OS:
 Windows 11 , 64 bit Build 26100 (10.0.26100.5074)
OS uptime: 0 days 0:17 hours
Hyper-V role detected

CPU: total 16 (initial active 16) (16 cores per cpu, 2 threads per core) family 25 model 33 stepping 2 microcode 0xa201205, cx8, cmov, fxsr, ht, mmx, 3dnowpref, sse, sse2, sse3, ssse3, sse4a, sse4.1, sse4.2, popcnt, lzcnt, tsc, tscinvbit, avx, avx2, aes, erms, clmul, bmi1, bmi2, adx, sha, fma, vzeroupper, clflush, clflushopt, hv, rdtscp, rdpid, fsrm, f16c, cet_ss
Processor Information for the first 16 processors :
  Max Mhz: 3401, Current Mhz: 3401, Mhz Limit: 3401

Memory: 4k page, system-wide physical 32691M (12817M free)
TotalPageFile size 36787M (AvailPageFile size 13938M)
current process WorkingSet (physical memory assigned to process): 238M, peak: 241M
current process commit charge ("private bytes"): 366M, peak: 367M

vm_info: OpenJDK 64-Bit Server VM (21.0.8+9-LTS) for windows-amd64 JRE (21.0.8+9-LTS), built on 2025-07-15T00:00:00Z by "admin" with MS VC++ 17.7 (VS2022)

END.
